{"E:\\Git\\frontend-project-46\\src\\index.js": {"path":"E:\\Git\\frontend-project-46\\src\\index.js","statementMap":{"0":{"start":{"line":7,"column":16},"end":{"line":22,"column":1}},"1":{"start":{"line":8,"column":16},"end":{"line":8,"column":35}},"2":{"start":{"line":9,"column":16},"end":{"line":9,"column":35}},"3":{"start":{"line":11,"column":15},"end":{"line":11,"column":38}},"4":{"start":{"line":12,"column":15},"end":{"line":12,"column":38}},"5":{"start":{"line":14,"column":20},"end":{"line":14,"column":42}},"6":{"start":{"line":15,"column":21},"end":{"line":15,"column":43}},"7":{"start":{"line":17,"column":17},"end":{"line":17,"column":52}},"8":{"start":{"line":18,"column":25},"end":{"line":18,"column":83}},"9":{"start":{"line":19,"column":2},"end":{"line":19,"column":42}},"10":{"start":{"line":21,"column":2},"end":{"line":21,"column":15}}},"fnMap":{"0":{"name":"(anonymous_0)","decl":{"start":{"line":7,"column":16},"end":{"line":7,"column":17}},"loc":{"start":{"line":7,"column":42},"end":{"line":22,"column":1}},"line":7}},"branchMap":{},"s":{"0":1,"1":2,"2":2,"3":2,"4":2,"5":2,"6":2,"7":2,"8":2,"9":2,"10":2},"f":{"0":2},"b":{},"_coverageSchema":"1a1c01bbd47fc00a2c39e90264f33305004495a9","hash":"aba6eeb5a0b5c052467d3e343c009d67f2538bf8"}
,"E:\\Git\\frontend-project-46\\src\\parser.js": {"path":"E:\\Git\\frontend-project-46\\src\\parser.js","statementMap":{"0":{"start":{"line":4,"column":2},"end":{"line":12,"column":3}},"1":{"start":{"line":6,"column":6},"end":{"line":6,"column":29}},"2":{"start":{"line":9,"column":6},"end":{"line":9,"column":28}},"3":{"start":{"line":11,"column":6},"end":{"line":11,"column":59}}},"fnMap":{"0":{"name":"parseData","decl":{"start":{"line":3,"column":9},"end":{"line":3,"column":18}},"loc":{"start":{"line":3,"column":34},"end":{"line":13,"column":1}},"line":3}},"branchMap":{"0":{"loc":{"start":{"line":4,"column":2},"end":{"line":12,"column":3}},"type":"switch","locations":[{"start":{"line":5,"column":4},"end":{"line":6,"column":29}},{"start":{"line":7,"column":4},"end":{"line":7,"column":16}},{"start":{"line":8,"column":4},"end":{"line":9,"column":28}},{"start":{"line":10,"column":4},"end":{"line":11,"column":59}}],"line":4}},"s":{"0":4,"1":2,"2":2,"3":0},"f":{"0":4},"b":{"0":[2,2,2,0]},"_coverageSchema":"1a1c01bbd47fc00a2c39e90264f33305004495a9","hash":"6f0b53ad3747cc0e80210a40ce5200b66219a1fe"}
,"E:\\Git\\frontend-project-46\\src\\utils.js": {"path":"E:\\Git\\frontend-project-46\\src\\utils.js","statementMap":{"0":{"start":{"line":5,"column":17},"end":{"line":9,"column":1}},"1":{"start":{"line":6,"column":18},"end":{"line":6,"column":39}},"2":{"start":{"line":7,"column":23},"end":{"line":7,"column":54}},"3":{"start":{"line":8,"column":2},"end":{"line":8,"column":47}},"4":{"start":{"line":11,"column":21},"end":{"line":32,"column":1}},"5":{"start":{"line":12,"column":15},"end":{"line":12,"column":60}},"6":{"start":{"line":13,"column":2},"end":{"line":13,"column":13}},"7":{"start":{"line":15,"column":17},"end":{"line":29,"column":4}},"8":{"start":{"line":16,"column":4},"end":{"line":18,"column":5}},"9":{"start":{"line":17,"column":6},"end":{"line":17,"column":39}},"10":{"start":{"line":19,"column":4},"end":{"line":21,"column":5}},"11":{"start":{"line":20,"column":6},"end":{"line":20,"column":39}},"12":{"start":{"line":22,"column":4},"end":{"line":24,"column":5}},"13":{"start":{"line":23,"column":6},"end":{"line":23,"column":39}},"14":{"start":{"line":25,"column":4},"end":{"line":28,"column":5}},"15":{"start":{"line":31,"column":2},"end":{"line":31,"column":48}}},"fnMap":{"0":{"name":"(anonymous_0)","decl":{"start":{"line":5,"column":17},"end":{"line":5,"column":18}},"loc":{"start":{"line":5,"column":31},"end":{"line":9,"column":1}},"line":5},"1":{"name":"(anonymous_1)","decl":{"start":{"line":11,"column":21},"end":{"line":11,"column":22}},"loc":{"start":{"line":11,"column":37},"end":{"line":32,"column":1}},"line":11},"2":{"name":"(anonymous_2)","decl":{"start":{"line":15,"column":26},"end":{"line":15,"column":27}},"loc":{"start":{"line":15,"column":35},"end":{"line":29,"column":3}},"line":15}},"branchMap":{"0":{"loc":{"start":{"line":16,"column":4},"end":{"line":18,"column":5}},"type":"if","locations":[{"start":{"line":16,"column":4},"end":{"line":18,"column":5}},{"start":{},"end":{}}],"line":16},"1":{"loc":{"start":{"line":19,"column":4},"end":{"line":21,"column":5}},"type":"if","locations":[{"start":{"line":19,"column":4},"end":{"line":21,"column":5}},{"start":{},"end":{}}],"line":19},"2":{"loc":{"start":{"line":22,"column":4},"end":{"line":24,"column":5}},"type":"if","locations":[{"start":{"line":22,"column":4},"end":{"line":24,"column":5}},{"start":{},"end":{}}],"line":22}},"s":{"0":1,"1":4,"2":4,"3":4,"4":1,"5":2,"6":2,"7":2,"8":10,"9":4,"10":6,"11":2,"12":4,"13":2,"14":2,"15":2},"f":{"0":4,"1":2,"2":10},"b":{"0":[4,6],"1":[2,4],"2":[2,2]},"_coverageSchema":"1a1c01bbd47fc00a2c39e90264f33305004495a9","hash":"7af7f386bfce892a07958e1a0100bdf2c526e1d3"}
}
