TN:
SF:src\index.js
FN:7,(anonymous_0)
FNF:1
FNH:1
FNDA:2,(anonymous_0)
DA:7,1
DA:8,2
DA:9,2
DA:11,2
DA:12,2
DA:14,2
DA:15,2
DA:17,2
DA:18,2
DA:19,2
DA:21,2
LF:11
LH:11
BRF:0
BRH:0
end_of_record
TN:
SF:src\parser.js
FN:3,parseData
FNF:1
FNH:1
FNDA:4,parseData
DA:4,4
DA:6,2
DA:9,2
DA:11,0
LF:4
LH:3
BRDA:4,0,0,2
BRDA:4,0,1,2
BRDA:4,0,2,2
BRDA:4,0,3,0
BRF:4
BRH:3
end_of_record
TN:
SF:src\utils.js
FN:5,(anonymous_0)
FN:11,(anonymous_1)
FN:15,(anonymous_2)
FNF:3
FNH:3
FNDA:4,(anonymous_0)
FNDA:2,(anonymous_1)
FNDA:10,(anonymous_2)
DA:5,1
DA:6,4
DA:7,4
DA:8,4
DA:11,1
DA:12,2
DA:13,2
DA:15,2
DA:16,10
DA:17,4
DA:19,6
DA:20,2
DA:22,4
DA:23,2
DA:25,2
DA:31,2
LF:16
LH:16
BRDA:16,0,0,4
BRDA:16,0,1,6
BRDA:19,1,0,2
BRDA:19,1,1,4
BRDA:22,2,0,2
BRDA:22,2,1,2
BRF:6
BRH:6
end_of_record
