TN:
SF:src\index.js
FN:6,(anonymous_0)
FN:12,(anonymous_1)
FN:21,(anonymous_2)
FNF:3
FNH:3
FNDA:2,(anonymous_0)
FNDA:1,(anonymous_1)
FNDA:5,(anonymous_2)
DA:6,1
DA:7,2
DA:8,2
DA:9,2
DA:12,1
DA:13,1
DA:14,1
DA:16,1
DA:17,1
DA:19,1
DA:20,1
DA:21,1
DA:22,5
DA:23,2
DA:24,1
DA:26,1
DA:28,3
DA:29,2
DA:31,1
DA:34,1
LF:20
LH:20
BRDA:22,0,0,2
BRDA:22,0,1,3
BRDA:22,1,0,5
BRDA:22,1,1,4
BRDA:23,2,0,1
BRDA:23,2,1,1
BRDA:28,3,0,2
BRDA:28,3,1,1
BRF:8
BRH:8
end_of_record
TN:
SF:src\parser.js
FN:1,(anonymous_0)
FNF:1
FNH:1
FNDA:2,(anonymous_0)
DA:1,1
DA:2,2
LF:2
LH:2
BRF:0
BRH:0
end_of_record
